PLAN_TABLE_OUTPUT\n------------------------------------------------------------------------------------------------------------------------\nPlan hash value: 1234567890\n\n------------------------------------------------------------------------\n| Id  | Operation          | Name | Rows  | Bytes | Cost (%CPU)| Time     |\n------------------------------------------------------------------------\n|   0 | SELECT STATEMENT   |      |     1 |    10 |     5  (10)| 00:00:01 |\n|*  1 |  HASH JOIN         |      |     1 |    10 |     5  (10)| 00:00:01 |\n|   2 |   TABLE ACCESS FULL| EMP  |   100 |   100 |     3   (5)| 00:00:01 |\n|   3 |   TABLE ACCESS FULL| DEPT |    10 |    50 |     2   (5)| 00:00:01 |\n------------------------------------------------------------------------\n\nPredicate Information (identified by operation id):\n---------------------------------------------------\n\n   1 - access("EMP"."DEPTNO"="DEPT"."DEPTNO")\n\nNote\n-----\n   - dynamic statistics used: dynamic sampling (level=2)