SQL> select min(object_id) from t1;\n\nMIN(OBJECT_ID)\n--------------\n           100\n\n------------------------------------------------------------------------------------\n| Id  | Operation                  | Name  | Rows  | Bytes | Cost (%CPU)| Time     |\n------------------------------------------------------------------------------------\n|   0 | SELECT STATEMENT           |       |     1 |     5 |     2   (0)| 00:00:01 |\n|   1 |  SORT AGGREGATE            |       |     1 |     5 |            |          |\n|   2 |   INDEX FULL SCAN (MIN/MAX)| T1_ID | 53191 |   259K|     2   (0)| 00:00:01 |\n------------------------------------------------------------------------------------\n\nStatistics\n----------------------------------------------------------\n          1  recursive calls\n          0  db block gets\n          2  consistent gets\n          0  physical reads\n          0  redo size\n        419  bytes sent via SQL*Net to client\n        380  bytes received via SQL*Net from client\n          2  SQL*Net roundtrips to/from client\n          0  sorts (memory)\n          0  sorts (disk)\n          1  rows processed