--------------------------------------------------------------------------\n| Id  | Operation         | Name | Rows  | Bytes | Cost (%CPU)| Time     |\n--------------------------------------------------------------------------\n|   0 | SELECT STATEMENT  |      |  1837 | 23881 |     3   (0)| 00:00:01 |\n|*  1 |  TABLE ACCESS FULL| BAR  |    18 |   468 |     2   (0)| 00:00:01 |\n|   2 |  TABLE ACCESS FULL| FOO  |  1837 | 23881 |     3   (0)| 00:00:01 |\n--------------------------------------------------------------------------\n\nPredicate Information (identified by operation id):\n---------------------------------------------------\n\n   1 - filter("BAR"."A"=:B1)\n\nNote\n-----\n   - dynamic sampling used for this statement\n\n18 rows selected.