SQL> select id from tbl_table where id > to_char(sysdate, 'YYYY');\n\n--------------------------------------------------------------------------------\n| Id  | Operation        | Name        | Rows  | Bytes | Cost (%CPU)| Time     |\n--------------------------------------------------------------------------------\n|   0 | SELECT STATEMENT |             |    35 |   140 |     1   (0)| 00:00:01 |\n|*  1 |  INDEX RANGE SCAN| SYS_C004274 |    35 |   140 |     1   (0)| 00:00:01 |\n--------------------------------------------------------------------------------\n\nPredicate Information (identified by operation id):\n---------------------------------------------------\n\n1 - access("ID">TO_NUMBER(TO_CHAR(SYSDATE@!,'YYYY')))