postgres=# explain analyze select * from x where s in ('123','456');\n Seq Scan on x  (cost=0.00..84994.69 rows=263271 width=181) (actual time=0.015..1819.702 rows=247823 loops=1)\n   Filter: (s = ANY ('{123,456}'::bpchar[]))\n Total runtime: 1931.370 ms\n\npostgres=# explain analyze select * from x where s='123' or s='456';\n Seq Scan on x  (cost=0.00..90163.62 rows=263271 width=181) (actual time=0.014..1835.944 rows=247823 loops=1)\n   Filter: ((s = '123'::bpchar) OR (s = '456'::bpchar))\n Total runtime: 1949.478 ms